<?xml version="1.0" encoding="UTF-8"?>
<!-- Generated by org.testng.reporters.JUnitXMLReporter -->
<testsuite hostname="DESKTOP-S33QA46" ignored="0" name="ChromeTest" tests="1" failures="1" timestamp="24 Mar 2023 17:13:30 GMT" time="111.967" errors="0">
  <testcase name="test_account_Registration" time="0.106" classname="testCases.TC_001_AccountRegistrationTest">
    <failure type="java.lang.AbstractMethodError">
      <![CDATA[java.lang.AbstractMethodError... Removed 22 stack frames]]>
    </failure>
  </testcase> <!-- test_account_Registration -->
</testsuite> <!-- ChromeTest -->
